<?xml version="1.0" encoding="UTF-8"?>
<!-- Generated by org.testng.reporters.JUnitReportReporter -->
<testsuite hostname="ShruthiManjesh" failures="0" tests="2" name="simplilearn.p3assignment.EndtoEndtests" time="3.254" errors="0" timestamp="2024-01-03T12:51:38 IST" skipped="0">
  <testcase classname="simplilearn.p3assignment.EndtoEndtests" name="testupdateprofileapi" time="2.027"/>
  <system-out/>
  <testcase classname="simplilearn.p3assignment.EndtoEndtests" name="testdashboardapi" time="1.227"/>
  <system-out/>
</testsuite> <!-- simplilearn.p3assignment.EndtoEndtests -->
