<?xml version="1.0" encoding="UTF-8"?>
<!-- Generated by org.testng.reporters.JUnitReportReporter -->
<testsuite hostname="Windows-01" failures="0" tests="1" name="simplilearn.p3assignment.Baseclass" time="5.103" errors="0" timestamp="2023-05-16T23:35:34 IST" skipped="0">
  <testcase classname="simplilearn.p3assignment.Baseclass" name="testloginapi" time="5.103"/>
  <system-out/>
</testsuite> <!-- simplilearn.p3assignment.Baseclass -->
