<?xml version="1.0" encoding="UTF-8"?>
<!-- Generated by org.testng.reporters.JUnitReportReporter -->
<testsuite hostname="Windows-01" failures="0" tests="7" name="simplilearn.p3assignment.PojoRequestResponseClass" time="10.382" errors="0" timestamp="2023-06-17T00:33:28 IST" skipped="0">
  <testcase classname="simplilearn.p3assignment.PojoRequestResponseClass" name="registerApiRequestWithPojo" time="2.317"/>
  <system-out/>
  <testcase classname="simplilearn.p3assignment.PojoRequestResponseClass" name="registerApiResponseWithPojo" time="2.255"/>
  <system-out/>
  <testcase classname="simplilearn.p3assignment.PojoRequestResponseClass" name="loginApiRequestWithPojo" time="1.126"/>
  <system-out/>
  <testcase classname="simplilearn.p3assignment.PojoRequestResponseClass" name="loginApiResponseWithPojo" time="1.109"/>
  <system-out/>
  <testcase classname="simplilearn.p3assignment.PojoRequestResponseClass" name="dashboardApiResponseWithPojo" time="1.054"/>
  <system-out/>
  <testcase classname="simplilearn.p3assignment.PojoRequestResponseClass" name="profileApiResponseWithPojo" time="1.413"/>
  <system-out/>
  <testcase classname="simplilearn.p3assignment.PojoRequestResponseClass" name="logoutApiResponseWithPojo" time="1.108"/>
  <system-out/>
</testsuite> <!-- simplilearn.p3assignment.PojoRequestResponseClass -->
